[08-Oct-2024 17:34:34] NOTICE: fpm is running, pid 9777
[08-Oct-2024 17:34:34] NOTICE: ready to handle connections
[09-Oct-2024 00:22:01] NOTICE: Terminating ...
[09-Oct-2024 00:22:01] NOTICE: Terminating ...
[09-Oct-2024 00:22:01] NOTICE: exiting, bye-bye!
[09-Oct-2024 18:08:54] NOTICE: fpm is running, pid 999
[09-Oct-2024 18:08:54] NOTICE: ready to handle connections
[10-Oct-2024 16:15:40] NOTICE: Terminating ...
[10-Oct-2024 16:15:40] NOTICE: Terminating ...
[10-Oct-2024 16:15:40] NOTICE: exiting, bye-bye!
[10-Oct-2024 16:20:41] NOTICE: fpm is running, pid 3581
[10-Oct-2024 16:20:41] NOTICE: ready to handle connections
[10-Oct-2024 16:21:27] NOTICE: Terminating ...
[10-Oct-2024 16:21:27] NOTICE: Terminating ...
[10-Oct-2024 16:21:27] NOTICE: exiting, bye-bye!
[10-Oct-2024 17:24:28] NOTICE: fpm is running, pid 4482
[10-Oct-2024 17:24:28] NOTICE: ready to handle connections
[11-Oct-2024 15:03:51] NOTICE: Terminating ...
[11-Oct-2024 15:03:51] NOTICE: Terminating ...
[11-Oct-2024 15:03:51] NOTICE: exiting, bye-bye!
[12-Oct-2024 22:06:47] NOTICE: fpm is running, pid 18764
[12-Oct-2024 22:06:47] NOTICE: ready to handle connections
[13-Oct-2024 10:57:13] NOTICE: Terminating ...
[13-Oct-2024 10:57:13] NOTICE: Terminating ...
[13-Oct-2024 10:57:13] NOTICE: exiting, bye-bye!
[13-Oct-2024 13:11:16] NOTICE: fpm is running, pid 20241
[13-Oct-2024 13:11:16] NOTICE: ready to handle connections
[13-Oct-2024 18:46:35] WARNING: [pool www] child 20252 said into stderr: "Error: /syntaxerror in /----nostringval----"
[13-Oct-2024 18:46:35] WARNING: [pool www] child 20252 said into stderr: "Operand stack:"
[13-Oct-2024 18:46:35] WARNING: [pool www] child 20252 said into stderr: "Execution stack:"
[13-Oct-2024 18:46:35] WARNING: [pool www] child 20252 said into stderr: "   %interp_exit   .runexec2   --nostringval--   --nostringval--   --nostringval--   2   %stopped_push   --nostringval--   --nostringval--   --nostringval--   false   1   %stopped_push   1974   1   3   %oparray_pop   1973   1   3   %oparray_pop   1961   1   3   %oparray_pop   1817   1   3   %oparray_pop   --nostringval--   %errorexec_pop   .runexec2   --nostringval--   --nostringval--   --nostringval--   2   %stopped_push"
[13-Oct-2024 18:46:35] WARNING: [pool www] child 20252 said into stderr: "Dictionary stack:"
[13-Oct-2024 18:46:35] WARNING: [pool www] child 20252 said into stderr: "   --dict:770/1123(ro)(G)--   --dict:0/20(G)--   --dict:75/200(L)--"
[13-Oct-2024 18:46:35] WARNING: [pool www] child 20252 said into stderr: "Current allocation mode is local"
[13-Oct-2024 18:46:35] WARNING: [pool www] child 20252 said into stderr: "GPL Ghostscript 9.56.1: Unrecoverable error, exit code 1"
[13-Oct-2024 18:46:35] WARNING: [pool www] child 20252 said into stderr: "Error: /syntaxerror in /----nostringval----"
[13-Oct-2024 18:46:35] WARNING: [pool www] child 20252 said into stderr: "Operand stack:"
[13-Oct-2024 18:46:35] WARNING: [pool www] child 20252 said into stderr: "Execution stack:"
[13-Oct-2024 18:46:35] WARNING: [pool www] child 20252 said into stderr: "   %interp_exit   .runexec2   --nostringval--   --nostringval--   --nostringval--   2   %stopped_push   --nostringval--   --nostringval--   --nostringval--   false   1   %stopped_push   1974   1   3   %oparray_pop   1973   1   3   %oparray_pop   1961   1   3   %oparray_pop   1817   1   3   %oparray_pop   --nostringval--   %errorexec_pop   .runexec2   --nostringval--   --nostringval--   --nostringval--   2   %stopped_push"
[13-Oct-2024 18:46:35] WARNING: [pool www] child 20252 said into stderr: "Dictionary stack:"
[13-Oct-2024 18:46:35] WARNING: [pool www] child 20252 said into stderr: "   --dict:769/1123(ro)(G)--   --dict:0/20(G)--   --dict:75/200(L)--"
[13-Oct-2024 18:46:35] WARNING: [pool www] child 20252 said into stderr: "Current allocation mode is local"
[13-Oct-2024 18:46:35] WARNING: [pool www] child 20252 said into stderr: "GPL Ghostscript 9.56.1: Unrecoverable error, exit code 1"
[14-Oct-2024 17:14:46] NOTICE: Terminating ...
[14-Oct-2024 17:14:46] NOTICE: Terminating ...
[14-Oct-2024 17:14:46] NOTICE: exiting, bye-bye!
[14-Oct-2024 17:14:47] NOTICE: fpm is running, pid 25530
[14-Oct-2024 17:14:47] NOTICE: ready to handle connections
[14-Oct-2024 23:21:39] NOTICE: Terminating ...
[14-Oct-2024 23:21:39] NOTICE: Terminating ...
[14-Oct-2024 23:21:39] NOTICE: exiting, bye-bye!
[16-Oct-2024 21:32:56] NOTICE: fpm is running, pid 2525
[16-Oct-2024 21:32:56] NOTICE: ready to handle connections
[20-Oct-2024 14:29:28] NOTICE: fpm is running, pid 34778
[20-Oct-2024 14:29:28] NOTICE: ready to handle connections
[20-Oct-2024 22:33:09] NOTICE: fpm is running, pid 879
[20-Oct-2024 22:33:09] NOTICE: ready to handle connections
[21-Oct-2024 01:22:53] NOTICE: Terminating ...
[21-Oct-2024 01:22:53] NOTICE: Terminating ...
[21-Oct-2024 01:22:53] NOTICE: exiting, bye-bye!
[21-Oct-2024 19:33:36] NOTICE: fpm is running, pid 2712
[21-Oct-2024 19:33:36] NOTICE: ready to handle connections
[22-Oct-2024 14:11:32] NOTICE: Terminating ...
[22-Oct-2024 14:11:32] NOTICE: Terminating ...
[22-Oct-2024 14:11:32] NOTICE: exiting, bye-bye!
[22-Oct-2024 14:11:36] NOTICE: fpm is running, pid 8673
[22-Oct-2024 14:11:36] NOTICE: ready to handle connections
[22-Oct-2024 16:39:23] WARNING: [pool www] child 8680 said into stderr: "[2024-10-22T15:39:23.101758+00:00] google-api-php-client.ERROR: Service parameter missing {"service":"sheets","resource":"values","method":"get","parameter":"spreadsheetId"} []"
[22-Oct-2024 16:44:30] WARNING: [pool www] child 8680 said into stderr: "[2024-10-22T15:44:30.127368+00:00] google-api-php-client.ERROR: Service parameter missing {"service":"sheets","resource":"values","method":"get","parameter":"spreadsheetId"} []"
[22-Oct-2024 18:34:51] NOTICE: Terminating ...
[22-Oct-2024 18:34:51] NOTICE: Terminating ...
[22-Oct-2024 18:34:51] NOTICE: exiting, bye-bye!
[23-Oct-2024 16:33:07] NOTICE: fpm is running, pid 9801
[23-Oct-2024 16:33:07] NOTICE: ready to handle connections
[23-Oct-2024 16:34:53] NOTICE: Terminating ...
[23-Oct-2024 16:34:53] NOTICE: Terminating ...
[23-Oct-2024 16:34:53] NOTICE: exiting, bye-bye!
[23-Oct-2024 16:35:05] NOTICE: fpm is running, pid 10291
[23-Oct-2024 16:35:05] NOTICE: ready to handle connections
[23-Oct-2024 16:35:53] NOTICE: Terminating ...
[23-Oct-2024 16:35:53] NOTICE: Terminating ...
[23-Oct-2024 16:35:53] NOTICE: exiting, bye-bye!
[23-Oct-2024 16:36:12] NOTICE: fpm is running, pid 10397
[23-Oct-2024 16:36:12] NOTICE: ready to handle connections
